Determining if files sys/endian.h exist failed with the following output:
Change Dir: /home/vboxuser1/DCSA/libhv-http/project/CMakeFiles/CMakeTmp

Run Build Command(s):/usr/bin/gmake -f Makefile cmTC_3a666/fast && /usr/bin/gmake  -f CMakeFiles/cmTC_3a666.dir/build.make CMakeFiles/cmTC_3a666.dir/build
gmake[1]: Entering directory '/home/vboxuser1/DCSA/libhv-http/project/CMakeFiles/CMakeTmp'
Building C object CMakeFiles/cmTC_3a666.dir/HAVE_SYS_ENDIAN_H.c.o
/usr/bin/cc    -o CMakeFiles/cmTC_3a666.dir/HAVE_SYS_ENDIAN_H.c.o -c /home/vboxuser1/DCSA/libhv-http/project/CMakeFiles/CheckIncludeFiles/HAVE_SYS_ENDIAN_H.c
/home/vboxuser1/DCSA/libhv-http/project/CMakeFiles/CheckIncludeFiles/HAVE_SYS_ENDIAN_H.c:2:10: fatal error: sys/endian.h: No such file or directory
    2 | #include <sys/endian.h>
      |          ^~~~~~~~~~~~~~
compilation terminated.
gmake[1]: *** [CMakeFiles/cmTC_3a666.dir/build.make:78: CMakeFiles/cmTC_3a666.dir/HAVE_SYS_ENDIAN_H.c.o] Error 1
gmake[1]: Leaving directory '/home/vboxuser1/DCSA/libhv-http/project/CMakeFiles/CMakeTmp'
gmake: *** [Makefile:127: cmTC_3a666/fast] Error 2


Source:
/* */
#include <sys/endian.h>


int main(void){return 0;}

Determining if the gettid exist failed with the following output:
Change Dir: /home/vboxuser1/DCSA/libhv-http/project/CMakeFiles/CMakeTmp

Run Build Command(s):/usr/bin/gmake -f Makefile cmTC_32bf8/fast && /usr/bin/gmake  -f CMakeFiles/cmTC_32bf8.dir/build.make CMakeFiles/cmTC_32bf8.dir/build
gmake[1]: Entering directory '/home/vboxuser1/DCSA/libhv-http/project/CMakeFiles/CMakeTmp'
Building C object CMakeFiles/cmTC_32bf8.dir/CheckSymbolExists.c.o
/usr/bin/cc    -o CMakeFiles/cmTC_32bf8.dir/CheckSymbolExists.c.o -c /home/vboxuser1/DCSA/libhv-http/project/CMakeFiles/CMakeTmp/CheckSymbolExists.c
/home/vboxuser1/DCSA/libhv-http/project/CMakeFiles/CMakeTmp/CheckSymbolExists.c: In function ‘main’:
/home/vboxuser1/DCSA/libhv-http/project/CMakeFiles/CMakeTmp/CheckSymbolExists.c:8:19: error: ‘gettid’ undeclared (first use in this function); did you mean ‘getgid’?
    8 |   return ((int*)(&gettid))[argc];
      |                   ^~~~~~
      |                   getgid
/home/vboxuser1/DCSA/libhv-http/project/CMakeFiles/CMakeTmp/CheckSymbolExists.c:8:19: note: each undeclared identifier is reported only once for each function it appears in
gmake[1]: *** [CMakeFiles/cmTC_32bf8.dir/build.make:78: CMakeFiles/cmTC_32bf8.dir/CheckSymbolExists.c.o] Error 1
gmake[1]: Leaving directory '/home/vboxuser1/DCSA/libhv-http/project/CMakeFiles/CMakeTmp'
gmake: *** [Makefile:127: cmTC_32bf8/fast] Error 2


File /home/vboxuser1/DCSA/libhv-http/project/CMakeFiles/CMakeTmp/CheckSymbolExists.c:
/* */
#include <unistd.h>

int main(int argc, char** argv)
{
  (void)argv;
#ifndef gettid
  return ((int*)(&gettid))[argc];
#else
  (void)argc;
  return 0;
#endif
}
Determining if the strlcpy exist failed with the following output:
Change Dir: /home/vboxuser1/DCSA/libhv-http/project/CMakeFiles/CMakeTmp

Run Build Command(s):/usr/bin/gmake -f Makefile cmTC_36092/fast && /usr/bin/gmake  -f CMakeFiles/cmTC_36092.dir/build.make CMakeFiles/cmTC_36092.dir/build
gmake[1]: Entering directory '/home/vboxuser1/DCSA/libhv-http/project/CMakeFiles/CMakeTmp'
Building C object CMakeFiles/cmTC_36092.dir/CheckSymbolExists.c.o
/usr/bin/cc    -o CMakeFiles/cmTC_36092.dir/CheckSymbolExists.c.o -c /home/vboxuser1/DCSA/libhv-http/project/CMakeFiles/CMakeTmp/CheckSymbolExists.c
/home/vboxuser1/DCSA/libhv-http/project/CMakeFiles/CMakeTmp/CheckSymbolExists.c: In function ‘main’:
/home/vboxuser1/DCSA/libhv-http/project/CMakeFiles/CMakeTmp/CheckSymbolExists.c:8:19: error: ‘strlcpy’ undeclared (first use in this function); did you mean ‘strncpy’?
    8 |   return ((int*)(&strlcpy))[argc];
      |                   ^~~~~~~
      |                   strncpy
/home/vboxuser1/DCSA/libhv-http/project/CMakeFiles/CMakeTmp/CheckSymbolExists.c:8:19: note: each undeclared identifier is reported only once for each function it appears in
gmake[1]: *** [CMakeFiles/cmTC_36092.dir/build.make:78: CMakeFiles/cmTC_36092.dir/CheckSymbolExists.c.o] Error 1
gmake[1]: Leaving directory '/home/vboxuser1/DCSA/libhv-http/project/CMakeFiles/CMakeTmp'
gmake: *** [Makefile:127: cmTC_36092/fast] Error 2


File /home/vboxuser1/DCSA/libhv-http/project/CMakeFiles/CMakeTmp/CheckSymbolExists.c:
/* */
#include <string.h>

int main(int argc, char** argv)
{
  (void)argv;
#ifndef strlcpy
  return ((int*)(&strlcpy))[argc];
#else
  (void)argc;
  return 0;
#endif
}
Determining if the strlcat exist failed with the following output:
Change Dir: /home/vboxuser1/DCSA/libhv-http/project/CMakeFiles/CMakeTmp

Run Build Command(s):/usr/bin/gmake -f Makefile cmTC_2b9f3/fast && /usr/bin/gmake  -f CMakeFiles/cmTC_2b9f3.dir/build.make CMakeFiles/cmTC_2b9f3.dir/build
gmake[1]: Entering directory '/home/vboxuser1/DCSA/libhv-http/project/CMakeFiles/CMakeTmp'
Building C object CMakeFiles/cmTC_2b9f3.dir/CheckSymbolExists.c.o
/usr/bin/cc    -o CMakeFiles/cmTC_2b9f3.dir/CheckSymbolExists.c.o -c /home/vboxuser1/DCSA/libhv-http/project/CMakeFiles/CMakeTmp/CheckSymbolExists.c
/home/vboxuser1/DCSA/libhv-http/project/CMakeFiles/CMakeTmp/CheckSymbolExists.c: In function ‘main’:
/home/vboxuser1/DCSA/libhv-http/project/CMakeFiles/CMakeTmp/CheckSymbolExists.c:8:19: error: ‘strlcat’ undeclared (first use in this function); did you mean ‘strncat’?
    8 |   return ((int*)(&strlcat))[argc];
      |                   ^~~~~~~
      |                   strncat
/home/vboxuser1/DCSA/libhv-http/project/CMakeFiles/CMakeTmp/CheckSymbolExists.c:8:19: note: each undeclared identifier is reported only once for each function it appears in
gmake[1]: *** [CMakeFiles/cmTC_2b9f3.dir/build.make:78: CMakeFiles/cmTC_2b9f3.dir/CheckSymbolExists.c.o] Error 1
gmake[1]: Leaving directory '/home/vboxuser1/DCSA/libhv-http/project/CMakeFiles/CMakeTmp'
gmake: *** [Makefile:127: cmTC_2b9f3/fast] Error 2


File /home/vboxuser1/DCSA/libhv-http/project/CMakeFiles/CMakeTmp/CheckSymbolExists.c:
/* */
#include <string.h>

int main(int argc, char** argv)
{
  (void)argv;
#ifndef strlcat
  return ((int*)(&strlcat))[argc];
#else
  (void)argc;
  return 0;
#endif
}
Determining if the setproctitle exist failed with the following output:
Change Dir: /home/vboxuser1/DCSA/libhv-http/project/CMakeFiles/CMakeTmp

Run Build Command(s):/usr/bin/gmake -f Makefile cmTC_bde4b/fast && /usr/bin/gmake  -f CMakeFiles/cmTC_bde4b.dir/build.make CMakeFiles/cmTC_bde4b.dir/build
gmake[1]: Entering directory '/home/vboxuser1/DCSA/libhv-http/project/CMakeFiles/CMakeTmp'
Building C object CMakeFiles/cmTC_bde4b.dir/CheckSymbolExists.c.o
/usr/bin/cc    -o CMakeFiles/cmTC_bde4b.dir/CheckSymbolExists.c.o -c /home/vboxuser1/DCSA/libhv-http/project/CMakeFiles/CMakeTmp/CheckSymbolExists.c
/home/vboxuser1/DCSA/libhv-http/project/CMakeFiles/CMakeTmp/CheckSymbolExists.c: In function ‘main’:
/home/vboxuser1/DCSA/libhv-http/project/CMakeFiles/CMakeTmp/CheckSymbolExists.c:8:19: error: ‘setproctitle’ undeclared (first use in this function)
    8 |   return ((int*)(&setproctitle))[argc];
      |                   ^~~~~~~~~~~~
/home/vboxuser1/DCSA/libhv-http/project/CMakeFiles/CMakeTmp/CheckSymbolExists.c:8:19: note: each undeclared identifier is reported only once for each function it appears in
gmake[1]: *** [CMakeFiles/cmTC_bde4b.dir/build.make:78: CMakeFiles/cmTC_bde4b.dir/CheckSymbolExists.c.o] Error 1
gmake[1]: Leaving directory '/home/vboxuser1/DCSA/libhv-http/project/CMakeFiles/CMakeTmp'
gmake: *** [Makefile:127: cmTC_bde4b/fast] Error 2


File /home/vboxuser1/DCSA/libhv-http/project/CMakeFiles/CMakeTmp/CheckSymbolExists.c:
/* */
#include <unistd.h>

int main(int argc, char** argv)
{
  (void)argv;
#ifndef setproctitle
  return ((int*)(&setproctitle))[argc];
#else
  (void)argc;
  return 0;
#endif
}
